Assuming 9 as type relation
Loading files... 
  Starting yago2s.tsv
  Finished yago2s.tsv, still running: 0
Loaded 4122426 facts in 40.77 s using 33699 MB
Using recursivity limit 3
Default mining assistant that defines support by counting support on both head variables
No minimum threshold on standard confidence
No minimum threshold on PCA confidence
Constants in the arguments of relations are disabled
Lossless (query refinement) heuristics enabled
MRT calls: 0
Starting the mining phase... Using 32 threads
Rule	Head Coverage	Std Confidence	PCA Confidence	Positive Examples	Body size	PCA Body size	Functional variable
?b  <isLocatedIn>  ?a   => ?a  <hasCapital>  ?b	0.318331504	0.00049129	0.001478841	580	1180566	392199	-1
?a  <directed>  ?b   => ?a  <edited>  ?b	0.026010545	0.003729275	0.028788174	148	39686	5141	-2
?a  <livesIn>  ?b   => ?a  <isPoliticianOf>  ?b	0.027473993	0.003442974	0.237327189	103	29916	434	-1
?a  <graduatedFrom>  ?b   => ?a  <worksAt>  ?b	0.114086147	0.018645358	0.172961525	490	26280	2833	-1
?b  <participatedIn>  ?a   => ?a  <happenedIn>  ?b	0.086748694	0.065189916	0.07824976	980	15033	12524	-1
?b  <happenedIn>  ?a   => ?a  <participatedIn>  ?b	0.065189916	0.086748694	0.101491301	980	11297	9656	-2
?a  <livesIn>  ?b   => ?a  <isLeaderOf>  ?b	0.045896657	0.015142399	0.298812665	453	29916	1516	-1
?a  <isAffiliatedTo>  ?b   => ?a  <isLeaderOf>  ?b	0.021175279	0.000497792	0.065435191	209	419854	3194	-1
?a  <wasBornIn>  ?b   => ?a  <isLeaderOf>  ?b	0.019554205	0.001194632	0.1321013	193	161556	1461	-1
?a  <directed>  ?b   => ?a  <wroteMusicFor>  ?b	0.01242236	0.007004989	0.017881263	278	39686	15547	-2
?a  <actedIn>  ?b   => ?a  <wroteMusicFor>  ?b	0.006255865	0.001160939	0.002206601	140	120592	63446	-2
?a  <created>  ?b   => ?a  <wroteMusicFor>  ?b	0.05692837	0.004879319	0.079466068	1274	261102	16032	-2
?b  <influences>  ?a   => ?a  <influences>  ?b	0.010626809	0.010626809	0.0149936	246	23149	16407	-2
?a  <created>  ?b   => ?a  <owns>  ?b	0.01700577	0.001501329	0.216934145	392	261102	1807	-2
?a  <worksAt>  ?b   => ?a  <graduatedFrom>  ?b	0.018645358	0.114086147	0.173083716	490	4295	2831	-1
?b  <isConnectedTo>  ?a   => ?a  <isConnectedTo>  ?b	0.19471402	0.19471402	0.223530341	5658	29058	25312	-2
?b  <isLocatedIn>  ?a   => ?a  <owns>  ?b	0.030888031	0.000603101	0.048713738	712	1180566	14616	-2
?a  <edited>  ?b   => ?a  <directed>  ?b	0.003729275	0.026010545	0.029133858	148	5690	5080	-2
?a  <wroteMusicFor>  ?b   => ?a  <directed>  ?b	0.007004989	0.01242236	0.016590082	278	22379	16757	-2
?a  <isPoliticianOf>  ?b   => ?a  <livesIn>  ?b	0.003442974	0.027473993	0.342192691	103	3749	301	-1
?a  <isLeaderOf>  ?b   => ?a  <livesIn>  ?b	0.015142399	0.045896657	0.170943396	453	9870	2650	-1
?a  <created>  ?b   => ?a  <directed>  ?b	0.233104873	0.035430598	0.301768006	9251	261102	30656	-2
?a  <actedIn>  ?b   => ?a  <directed>  ?b	0.026230913	0.008632413	0.011278073	1041	120592	92303	-2
?a  <diedIn>  ?b   => ?a  <livesIn>  ?b	0.017515711	0.011639013	0.388724036	524	45021	1348	-1
?a  <wasBornIn>  ?b   => ?a  <livesIn>  ?b	0.063979142	0.011847285	0.221322849	1914	161556	8648	-1
?a  <isCitizenOf>  ?b   => ?a  <livesIn>  ?b	0.069260596	0.047565483	0.390574929	2072	43561	5305	-1
?b  <isMarriedTo>  ?a   => ?a  <isMarriedTo>  ?b	0.999831636	0.999831636	0.999915811	23754	23758	23756	-2
?a  <livesIn>  ?b   => ?a  <isCitizenOf>  ?b	0.047565483	0.069260596	0.278719397	2072	29916	7434	-1
?a  <livesIn>  ?b   => ?a  <diedIn>  ?b	0.011639013	0.017515711	0.258255298	524	29916	2029	-1
?a  <wroteMusicFor>  ?b   => ?a  <actedIn>  ?b	0.001160939	0.006255865	0.007325624	140	22379	19111	-2
?a  <directed>  ?b   => ?a  <actedIn>  ?b	0.008632413	0.026230913	0.03451706	1041	39686	30159	-2
?a  <wasBornIn>  ?b   => ?a  <diedIn>  ?b	0.108593767	0.030261953	0.228063628	4889	161556	21437	-1
?a  <isLeaderOf>  ?b   => ?a  <wasBornIn>  ?b	0.001194632	0.019554205	0.067790657	193	9870	2847	-1
?a  <livesIn>  ?b   => ?a  <wasBornIn>  ?b	0.011847285	0.063979142	0.16097561	1914	29916	11890	-1
?a  <created>  ?b   => ?a  <actedIn>  ?b	0.010572841	0.004883149	0.043935217	1275	261102	29020	-2
?a  <diedIn>  ?b   => ?a  <wasBornIn>  ?b	0.030261953	0.108593767	0.22814877	4889	45021	21429	-1
?a  <owns>  ?b   => ?a  <created>  ?b	0.001501329	0.01700577	0.231815494	392	23051	1691	-2
?a  <wroteMusicFor>  ?b   => ?a  <created>  ?b	0.004879319	0.05692837	0.099360474	1274	22379	12822	-2
?a  <directed>  ?b   => ?a  <created>  ?b	0.035430598	0.233104873	0.392707051	9251	39686	23557	-2
?a  <actedIn>  ?b   => ?a  <created>  ?b	0.004883149	0.010572841	0.018512872	1275	120592	68871	-2
?a  <isLeaderOf>  ?b   => ?a  <isAffiliatedTo>  ?b	0.000497792	0.021175279	0.038124772	209	9870	5482	-1
?a  <isAffiliatedTo>  ?b   => ?a  <created>  ?b	0.000386822	0.00024056	0.021227406	101	419854	4758	-2
?a  <created>  ?b   => ?a  <isAffiliatedTo>  ?b	0.00024056	0.000386822	0.077812018	101	261102	1298	-1
?a  <isAffiliatedTo>  ?b   => ?a  <playsFor>  ?b	0.999991338	0.824862929	0.967279918	346322	419854	358037	-1
?b  <owns>  ?a   => ?a  <isLocatedIn>  ?b	0.000603101	0.030888031	0.050332249	712	23051	14146	-1
?b  <hasCapital>  ?a   => ?a  <isLocatedIn>  ?b	0.00049129	0.318331504	0.345443716	580	1822	1679	-1
?a  <playsFor>  ?b   => ?a  <isAffiliatedTo>  ?b	0.824862929	0.999991338	0.999991338	346322	346325	346325	-1
?b  <isLocatedIn>  ?a   => ?a  <isLocatedIn>  ?b	0.001580598	0.001580598	0.001984766	1866	1180566	940161	-1
?b  <exports>  ?h  ?a  <imports>  ?h   => ?a  <dealsWith>  ?b	0.224489796	0.057591623	0.076952973	198	3438	2573	-1
?a  <imports>  ?h  ?b  <imports>  ?h   => ?a  <dealsWith>  ?b	0.302721088	0.032438343	0.042815908	267	8231	6236	-1
?a  <exports>  ?h  ?b  <exports>  ?h   => ?a  <dealsWith>  ?b	0.185941043	0.040684694	0.054794521	164	4031	2993	-1
?a  <dealsWith>  ?h  ?h  <exports>  ?b   => ?a  <imports>  ?b	0.320512821	0.059894586	0.075483092	125	2087	1656	-1
?a  <exports>  ?h  ?b  <imports>  ?h   => ?a  <dealsWith>  ?b	0.146258503	0.037521815	0.049444232	129	3438	2609	-1
?a  <dealsWith>  ?h  ?h  <exports>  ?b   => ?a  <exports>  ?b	0.211438475	0.058457115	0.058457115	122	2087	2087	-2
?a  <dealsWith>  ?h  ?h  <imports>  ?b   => ?a  <imports>  ?b	0.415384615	0.103119032	0.129392971	162	1571	1252	-1
?g  <dealsWith>  ?a  ?g  <dealsWith>  ?b   => ?a  <dealsWith>  ?b	0.412698413	0.15255658	0.232439336	364	2386	1566	-1
?g  <dealsWith>  ?a  ?g  <exports>  ?b   => ?a  <exports>  ?b	0.183708839	0.05535248	0.05535248	106	1915	1915	-2
?h  <dealsWith>  ?b  ?a  <dealsWith>  ?h   => ?a  <dealsWith>  ?b	0.688208617	0.30153999	0.30153999	607	2013	2013	-1
?a  <dealsWith>  ?h  ?b  <dealsWith>  ?h   => ?a  <dealsWith>  ?b	0.594104308	0.04326288	0.04326288	524	12112	12112	-1
?a  <holdsPoliticalPosition>  ?h  ?h  <isPoliticianOf>  ?b   => ?a  <isPoliticianOf>  ?b	0.246465724	0.979851538	1	924	943	924	-1
?a  <hasAcademicAdvisor>  ?h  ?h  <worksAt>  ?b   => ?a  <worksAt>  ?b	0.026076834	0.105263158	0.201077199	112	1064	557	-1
?g  <graduatedFrom>  ?b  ?g  <hasAcademicAdvisor>  ?a   => ?a  <worksAt>  ?b	0.056577416	0.156976744	0.400990099	243	1548	606	-1
?a  <dealsWith>  ?h  ?b  <happenedIn>  ?h   => ?a  <participatedIn>  ?b	0.014035788	0.004499414	0.005080787	211	46895	41529	-2
?a  <worksAt>  ?h  ?b  <worksAt>  ?h   => ?a  <hasAcademicAdvisor>  ?b	0.039032815	0.001044913	0.002986495	113	108143	37837	-1
?a  <happenedIn>  ?h  ?b  <hasCapital>  ?h   => ?a  <happenedIn>  ?b	0.014163052	0.118694362	0.118694362	160	1348	1348	-1
?g  <happenedIn>  ?a  ?b  <participatedIn>  ?g   => ?a  <dealsWith>  ?b	0.160997732	0.009381607	0.056148675	142	15136	2529	-1
?a  <isPoliticianOf>  ?h  ?b  <isPoliticianOf>  ?h   => ?a  <holdsPoliticalPosition>  ?b	0.184635862	0.002822592	0.010735213	971	344010	90450	-1
?a  <dealsWith>  ?h  ?h  <participatedIn>  ?b   => ?a  <participatedIn>  ?b	0.077496175	0.007523021	0.007523021	1165	154858	154858	-2
?g  <dealsWith>  ?a  ?g  <participatedIn>  ?b   => ?a  <participatedIn>  ?b	0.0743032	0.066153391	0.066153391	1117	16885	16885	-2
?a  <participatedIn>  ?h  ?b  <participatedIn>  ?h   => ?a  <dealsWith>  ?b	0.429705215	0.013413555	0.070590427	379	28255	5369	-1
?g  <dealsWith>  ?a  ?b  <happenedIn>  ?g   => ?a  <participatedIn>  ?b	0.034590567	0.035697124	0.040204113	520	14567	12934	-2
?g  <dealsWith>  ?b  ?a  <happenedIn>  ?g   => ?a  <happenedIn>  ?b	0.010356732	0.008031853	0.008031853	117	14567	14567	-1
?b  <dealsWith>  ?h  ?a  <happenedIn>  ?h   => ?a  <happenedIn>  ?b	0.009383022	0.002260369	0.002260369	106	46895	46895	-1
?b  <dealsWith>  ?h  ?h  <participatedIn>  ?a   => ?a  <happenedIn>  ?b	0.039479508	0.002880058	0.003393545	446	154858	131426	-1
?g  <dealsWith>  ?b  ?g  <participatedIn>  ?a   => ?a  <happenedIn>  ?b	0.017526777	0.011726384	0.014300159	198	16885	13846	-1
?a  <happenedIn>  ?g  ?g  <hasCapital>  ?b   => ?a  <happenedIn>  ?b	0.013897495	0.039035306	0.039035306	157	4022	4022	-1
?a  <diedIn>  ?h  ?b  <hasCapital>  ?h   => ?a  <isPoliticianOf>  ?b	0.044545212	0.004239439	0.485465116	167	39392	344	-1
?g  <livesIn>  ?a  ?g  <livesIn>  ?b   => ?a  <hasCapital>  ?b	0.079582876	0.00810962	0.039868023	145	17880	3637	-1
?g  <isLocatedIn>  ?b  ?g  <participatedIn>  ?a   => ?a  <happenedIn>  ?b	0.026998318	0.03582335	0.042903362	305	8514	7109	-1
?g  <isLocatedIn>  ?a  ?g  <participatedIn>  ?b   => ?a  <participatedIn>  ?b	0.013570146	0.023960536	0.023960536	204	8514	8514	-2
?h  <isLocatedIn>  ?b  ?a  <livesIn>  ?h   => ?a  <isPoliticianOf>  ?b	0.070152041	0.004905435	0.303344867	263	53614	867	-1
?a  <graduatedFrom>  ?h  ?h  <isLocatedIn>  ?b   => ?a  <isPoliticianOf>  ?b	0.074953321	0.004949797	0.179552716	281	56770	1565	-1
?a  <happenedIn>  ?g  ?g  <isLocatedIn>  ?b   => ?a  <happenedIn>  ?b	0.161016199	0.144940239	0.144940239	1819	12550	12550	-1
?a  <graduatedFrom>  ?h  ?b  <graduatedFrom>  ?h   => ?a  <hasAcademicAdvisor>  ?b	0.080138169	0.000091896	0.000840802	232	2524589	275927	-1
?a  <graduatedFrom>  ?h  ?b  <worksAt>  ?h   => ?a  <hasAcademicAdvisor>  ?b	0.107081174	0.000725314	0.005115258	310	427401	60603	-1
?a  <livesIn>  ?h  ?b  <livesIn>  ?h   => ?a  <hasAcademicAdvisor>  ?b	0.052849741	0.000029968	0.000281341	153	5105518	543824	-1
?b  <happenedIn>  ?g  ?g  <isLocatedIn>  ?a   => ?a  <participatedIn>  ?b	0.059203087	0.070916335	0.083599474	890	12550	10646	-2
?a  <graduatedFrom>  ?h  ?h  <isLocatedIn>  ?b   => ?a  <isLeaderOf>  ?b	0.02077001	0.003611062	0.089833479	205	56770	2282	-1
?a  <isLeaderOf>  ?g  ?g  <isLocatedIn>  ?b   => ?a  <isLeaderOf>  ?b	0.028267477	0.024953045	0.024953045	279	11181	11181	-1
?a  <isLeaderOf>  ?h  ?b  <isLocatedIn>  ?h   => ?a  <isLeaderOf>  ?b	0.07112462	0.000575081	0.000575081	702	1220697	1220697	-1
?a  <diedIn>  ?h  ?h  <isLocatedIn>  ?b   => ?a  <isPoliticianOf>  ?b	0.239263804	0.007571026	0.268965517	897	118478	3335	-1
?b  <happenedIn>  ?h  ?a  <isLocatedIn>  ?h   => ?a  <participatedIn>  ?b	0.024346438	0.000030507	0.000037088	366	11997288	9868289	-2
?a  <diedIn>  ?h  ?b  <isLocatedIn>  ?h   => ?a  <worksAt>  ?b	0.054481956	0.000020192	0.001310939	234	11588480	178498	-1
?a  <happenedIn>  ?h  ?b  <isLocatedIn>  ?h   => ?a  <happenedIn>  ?b	0.16951403	0.000159619	0.000159619	1915	11997288	11997288	-1
?a  <diedIn>  ?h  ?b  <diedIn>  ?h   => ?a  <influences>  ?b	0.010670007	0.000024404	0.000533211	247	10121266	463231	-2
?a  <isAffiliatedTo>  ?h  ?h  <isLocatedIn>  ?b   => ?a  <isLeaderOf>  ?b	0.015906788	0.002411415	0.058083611	157	65107	2703	-1
?a  <influences>  ?h  ?b  <influences>  ?h   => ?a  <influences>  ?b	0.152187999	0.032248615	0.046521148	3523	109245	75729	-2
?a  <isCitizenOf>  ?h  ?b  <livesIn>  ?h   => ?a  <hasAcademicAdvisor>  ?b	0.058376511	0.00000478	0.00016617	169	35355416	1017029	-1
?b  <diedIn>  ?h  ?a  <wasBornIn>  ?h   => ?a  <influences>  ?b	0.005572595	0.000006932	0.000154696	129	18608440	833892	-2
?a  <livesIn>  ?h  ?b  <livesIn>  ?h   => ?a  <hasChild>  ?b	0.007541377	0.000022133	0.001020427	113	5105518	110738	-2
?b  <isCitizenOf>  ?h  ?a  <livesIn>  ?h   => ?a  <hasAcademicAdvisor>  ?b	0.056303972	0.00000461	0.000033725	163	35355416	4833269	-1
?a  <created>  ?h  ?b  <created>  ?h   => ?a  <influences>  ?b	0.005227008	0.000634475	0.015361178	121	190709	7877	-2
?h  <hasChild>  ?b  ?a  <isMarriedTo>  ?h   => ?a  <hasChild>  ?b	0.380672718	0.540100369	0.540100369	5704	10561	10561	-2
?g  <hasChild>  ?b  ?g  <isMarriedTo>  ?a   => ?a  <hasChild>  ?b	0.380672718	0.539998107	0.539998107	5704	10563	10563	-2
?g  <influences>  ?b  ?a  <influences>  ?g   => ?a  <influences>  ?b	0.209598687	0.042883405	0.042883405	4852	113144	113144	-2
?a  <diedIn>  ?h  ?b  <wasBornIn>  ?h   => ?a  <influences>  ?b	0.007732515	0.000009619	0.000365478	179	18608440	489769	-2
?h  <isLocatedIn>  ?b  ?a  <wasBornIn>  ?h   => ?a  <isPoliticianOf>  ?b	0.16591091	0.001509643	0.205551884	622	412018	3026	-1
?h  <isLocatedIn>  ?b  ?a  <wasBornIn>  ?h   => ?a  <isLeaderOf>  ?b	0.016008105	0.000383478	0.043454345	158	412018	3636	-1
?g  <influences>  ?a  ?g  <influences>  ?b   => ?a  <influences>  ?b	0.215084885	0.014175936	0.014175936	4979	351229	351229	-2
?b  <dealsWith>  ?h  ?a  <isConnectedTo>  ?h   => ?a  <isConnectedTo>  ?b	0.004439397	0.043773329	0.126594701	129	2947	1019	-2
?g  <owns>  ?b  ?a  <owns>  ?g   => ?a  <owns>  ?b	0.007591862	0.048732943	0.048732943	175	3591	3591	-2
?g  <dealsWith>  ?b  ?a  <isConnectedTo>  ?g   => ?a  <isConnectedTo>  ?b	0.003957602	0.049934868	0.135135135	115	2303	851	-2
?a  <hasWonPrize>  ?h  ?b  <hasWonPrize>  ?h   => ?a  <hasAcademicAdvisor>  ?b	0.057685665	0.00000442	0.001106811	167	37781100	150884	-1
?a  <hasAcademicAdvisor>  ?h  ?h  <worksAt>  ?b   => ?a  <graduatedFrom>  ?b	0.011681887	0.288533835	0.430575035	307	1064	713	-1
?g  <owns>  ?a  ?g  <owns>  ?b   => ?a  <owns>  ?b	0.00672422	0.000094219	0.000094219	155	1645106	1645106	-2
?h  <graduatedFrom>  ?b  ?a  <hasAcademicAdvisor>  ?h   => ?a  <graduatedFrom>  ?b	0.008751903	0.145018916	0.224390244	230	1586	1025	-1
?a  <diedIn>  ?h  ?b  <diedIn>  ?h   => ?a  <hasChild>  ?b	0.015616658	0.00002312	0.000556029	234	10121266	420841	-2
?a  <isLeaderOf>  ?h  ?b  <isLocatedIn>  ?h   => ?a  <graduatedFrom>  ?b	0.007724505	0.000166298	0.000279936	203	1220697	725165	-1
?g  <graduatedFrom>  ?b  ?g  <hasAcademicAdvisor>  ?a   => ?a  <graduatedFrom>  ?b	0.006430746	0.109173127	0.199527745	169	1548	847	-1
?a  <diedIn>  ?h  ?b  <wasBornIn>  ?h   => ?a  <hasChild>  ?b	0.036171917	0.000029127	0.000810985	542	18608440	668323	-2
?b  <isConnectedTo>  ?h  ?a  <isLocatedIn>  ?h   => ?a  <isConnectedTo>  ?b	0.014144126	0.000288493	0.000341543	411	1424646	1203362	-2
?b  <diedIn>  ?h  ?a  <wasBornIn>  ?h   => ?a  <hasChild>  ?b	0.006673785	0.000005374	0.000138318	100	18608440	722971	-2
?b  <isLocatedIn>  ?h  ?a  <wasBornIn>  ?h   => ?a  <worksAt>  ?b	0.026542491	0.000004089	0.000301061	114	27883025	378661	-1
?b  <isLocatedIn>  ?h  ?a  <isPoliticianOf>  ?h   => ?a  <graduatedFrom>  ?b	0.010692542	0.000039356	0.000235683	281	7139885	1192278	-1
?h  <isConnectedTo>  ?a  ?b  <isConnectedTo>  ?h   => ?a  <isConnectedTo>  ?b	0.216566866	0.029006416	0.030060283	6293	216952	209346	-2
?h  <hasMusicalRole>  ?b  ?a  <influences>  ?h   => ?a  <hasMusicalRole>  ?b	0.003366282	0.184254606	0.472103004	110	597	233	-1
?g  <isConnectedTo>  ?a  ?g  <isLocatedIn>  ?b   => ?a  <isConnectedTo>  ?b	0.014144126	0.027976312	0.091864104	411	14691	4474	-2
?a  <isConnectedTo>  ?h  ?b  <isConnectedTo>  ?h   => ?a  <isConnectedTo>  ?b	0.235288045	0.025236605	0.031461098	6837	270916	217316	-2
?h  <actedIn>  ?b  ?a  <isMarriedTo>  ?h   => ?a  <directed>  ?b	0.011868165	0.009905988	0.011776472	471	47547	39995	-2
?h  <created>  ?b  ?a  <isMarriedTo>  ?h   => ?a  <directed>  ?b	0.002696165	0.004849748	0.022408377	107	22063	4775	-2
?b  <isLocatedIn>  ?h  ?a  <wasBornIn>  ?h   => ?a  <isLeaderOf>  ?b	0.015906788	0.000005631	0.000629549	157	27883025	249385	-1
?b  <hasCapital>  ?h  ?a  <livesIn>  ?h   => ?a  <livesIn>  ?b	0.046329723	0.15971422	0.15971422	1386	8678	8678	-1
?g  <isConnectedTo>  ?b  ?a  <isConnectedTo>  ?g   => ?a  <isConnectedTo>  ?b	0.421054443	0.056394963	0.056394963	12235	216952	216952	-2
?a  <hasWonPrize>  ?h  ?b  <hasWonPrize>  ?h   => ?a  <influences>  ?b	0.021642404	0.000013261	0.001067088	501	37781100	469502	-2
?a  <diedIn>  ?h  ?b  <hasCapital>  ?h   => ?a  <livesIn>  ?b	0.005448589	0.004137896	0.14845173	163	39392	1098	-1
?b  <dealsWith>  ?h  ?a  <livesIn>  ?h   => ?a  <livesIn>  ?b	0.006050274	0.00077455	0.00077455	181	233684	233684	-1
?b  <hasCapital>  ?h  ?a  <wasBornIn>  ?h   => ?a  <livesIn>  ?b	0.01186656	0.003516558	0.086165049	355	100951	4120	-1
?a  <diedIn>  ?h  ?b  <isLocatedIn>  ?h   => ?a  <graduatedFrom>  ?b	0.018340944	0.000041593	0.000524629	482	11588480	918745	-1
?a  <hasAcademicAdvisor>  ?h  ?h  <isCitizenOf>  ?b   => ?a  <livesIn>  ?b	0.005314882	0.118040089	0.506369427	159	1347	314	-1
?g  <isConnectedTo>  ?a  ?g  <isConnectedTo>  ?b   => ?a  <isConnectedTo>  ?b	0.413001583	0.018498765	0.018498765	12001	648746	648746	-2
?a  <hasAcademicAdvisor>  ?h  ?h  <livesIn>  ?b   => ?a  <livesIn>  ?b	0.005080893	0.199475066	0.584615385	152	762	260	-1
?h  <isLocatedIn>  ?b  ?a  <worksAt>  ?h   => ?a  <livesIn>  ?b	0.018217676	0.072598908	0.319086651	545	7507	1708	-1
?a  <isLeaderOf>  ?h  ?h  <isLocatedIn>  ?b   => ?a  <livesIn>  ?b	0.016479476	0.044092657	0.201388889	493	11181	2448	-1
?g  <created>  ?b  ?g  <isMarriedTo>  ?a   => ?a  <directed>  ?b	0.002696165	0.004850188	0.022413071	107	22061	4774	-2
?a  <actedIn>  ?b  ?a  <created>  ?b   => ?a  <directed>  ?b	0.011414605	0.355294118	0.420612813	453	1275	1077	-2
?b  <dealsWith>  ?h  ?a  <isCitizenOf>  ?h   => ?a  <livesIn>  ?b	0.003442974	0.000054369	0.000405105	103	1894473	254255	-1
?g  <hasCapital>  ?b  ?a  <livesIn>  ?g   => ?a  <livesIn>  ?b	0.045962027	0.145764868	0.145764868	1375	9433	9433	-1
?g  <hasCapital>  ?b  ?a  <isCitizenOf>  ?g   => ?a  <livesIn>  ?b	0.018451665	0.013129103	0.106811146	552	42044	5168	-1
?h  <dealsWith>  ?b  ?a  <isCitizenOf>  ?h   => ?a  <livesIn>  ?b	0.005181174	0.001099564	0.010314767	155	140965	15027	-1
?g  <actedIn>  ?b  ?g  <isMarriedTo>  ?a   => ?a  <directed>  ?b	0.011868165	0.009899533	0.011768821	471	47578	40021	-2
?a  <diedIn>  ?h  ?h  <isLocatedIn>  ?b   => ?a  <livesIn>  ?b	0.017883407	0.004515606	0.14898357	535	118478	3591	-1
?a  <hasChild>  ?h  ?h  <livesIn>  ?b   => ?a  <livesIn>  ?b	0.004546062	0.165048544	0.490974729	136	824	277	-1
?g  <hasAcademicAdvisor>  ?a  ?g  <livesIn>  ?b   => ?a  <livesIn>  ?b	0.004612916	0.165467626	0.518796992	138	834	266	-1
?a  <hasWonPrize>  ?h  ?b  <hasWonPrize>  ?h   => ?a  <hasChild>  ?b	0.007674853	0.000003044	0.000307681	115	37781100	373764	-2
?g  <hasAcademicAdvisor>  ?a  ?g  <isCitizenOf>  ?b   => ?a  <livesIn>  ?b	0.004546062	0.112863071	0.552845528	136	1205	246	-1
?b  <isLocatedIn>  ?h  ?a  <isPoliticianOf>  ?h   => ?a  <livesIn>  ?b	0.009158978	0.000038376	0.00068423	274	7139885	400450	-1
?g  <dealsWith>  ?b  ?a  <livesIn>  ?g   => ?a  <livesIn>  ?b	0.006083701	0.007757555	0.007757555	182	23461	23461	-1
?a  <isMarriedTo>  ?h  ?h  <livesIn>  ?b   => ?a  <livesIn>  ?b	0.010195213	0.181224005	0.664488017	305	1683	459	-1
?g  <hasChild>  ?a  ?g  <livesIn>  ?b   => ?a  <livesIn>  ?b	0.005014039	0.153374233	0.490196078	150	978	306	-1
?a  <wasBornIn>  ?h  ?b  <wasBornIn>  ?h   => ?a  <influences>  ?b	0.006609357	0.000003154	0.000141492	153	48508522	1081330	-2
?g  <isLocatedIn>  ?a  ?g  <isLocatedIn>  ?b   => ?a  <dealsWith>  ?b	0.242630385	0.000966799	0.01610718	214	221349	13286	-1
?a  <hasChild>  ?h  ?b  <hasChild>  ?h   => ?a  <isMarriedTo>  ?b	0.134859837	0.233391608	0.424990052	3204	13728	7539	-2
?g  <isLocatedIn>  ?a  ?g  <isLocatedIn>  ?b   => ?a  <hasCapital>  ?b	0.177826564	0.001463752	0.007451188	324	221349	43483	-1
?h  <isLocatedIn>  ?b  ?a  <livesIn>  ?h   => ?a  <livesIn>  ?b	0.186321701	0.103965382	0.103965382	5574	53614	53614	-1
?a  <graduatedFrom>  ?h  ?h  <isLocatedIn>  ?b   => ?a  <livesIn>  ?b	0.058329991	0.030738066	0.118885407	1745	56770	14678	-1
?a  <isAffiliatedTo>  ?h  ?h  <isLocatedIn>  ?b   => ?a  <livesIn>  ?b	0.023064581	0.010597939	0.062201388	690	65107	11093	-1
?a  <created>  ?h  ?h  <isLocatedIn>  ?b   => ?a  <livesIn>  ?b	0.003643535	0.004869985	0.227557411	109	22382	479	-1
?g  <isMarriedTo>  ?a  ?g  <livesIn>  ?b   => ?a  <livesIn>  ?b	0.010195213	0.181224005	0.664488017	305	1683	459	-1
?a  <actedIn>  ?h  ?b  <created>  ?h   => ?a  <isMarriedTo>  ?b	0.006061116	0.001628315	0.012223071	144	88435	11781	-2
?a  <wasBornIn>  ?h  ?b  <wasBornIn>  ?h   => ?a  <hasChild>  ?b	0.035104111	0.000010843	0.000398534	526	48508522	1319838	-2
?a  <diedIn>  ?h  ?b  <diedIn>  ?h   => ?a  <isMarriedTo>  ?b	0.019530263	0.000045844	0.000561245	464	10121266	826734	-2
?a  <created>  ?h  ?b  <created>  ?h   => ?a  <isMarriedTo>  ?b	0.011953868	0.00148918	0.024354687	284	190709	11661	-2
?b  <isLocatedIn>  ?h  ?a  <wasBornIn>  ?h   => ?a  <graduatedFrom>  ?b	0.060312024	0.000056845	0.000802543	1585	27883025	1974971	-1
?b  <diedIn>  ?h  ?a  <wasBornIn>  ?h   => ?a  <isMarriedTo>  ?b	0.005934843	0.000007577	0.000100022	141	18608440	1409684	-2
?h  <isLocatedIn>  ?b  ?a  <wasBornIn>  ?h   => ?a  <livesIn>  ?b	0.057226902	0.004155158	0.077051172	1712	412018	22219	-1
?a  <livesIn>  ?h  ?b  <livesIn>  ?h   => ?a  <isMarriedTo>  ?b	0.009344221	0.000043482	0.001062328	222	5105518	208975	-2
?b  <actedIn>  ?h  ?a  <directed>  ?h   => ?a  <isMarriedTo>  ?b	0.009933496	0.002780494	0.008722005	236	84877	27058	-2
?a  <actedIn>  ?h  ?b  <directed>  ?h   => ?a  <isMarriedTo>  ?b	0.009933496	0.002780494	0.014306499	236	84877	16496	-2
?b  <actedIn>  ?h  ?a  <created>  ?h   => ?a  <isMarriedTo>  ?b	0.006061116	0.001628315	0.004863386	144	88435	29609	-2
?a  <actedIn>  ?h  ?b  <actedIn>  ?h   => ?a  <isMarriedTo>  ?b	0.028369391	0.001699488	0.005864388	674	396590	114931	-2
?a  <hasAcademicAdvisor>  ?h  ?h  <isCitizenOf>  ?b   => ?a  <isCitizenOf>  ?b	0.011064943	0.35783222	0.646112601	482	1347	746	-1
?a  <hasAcademicAdvisor>  ?h  ?h  <livesIn>  ?b   => ?a  <isCitizenOf>  ?b	0.003810748	0.217847769	0.470254958	166	762	353	-1
?h  <isLocatedIn>  ?b  ?a  <worksAt>  ?h   => ?a  <isCitizenOf>  ?b	0.021578935	0.125216465	0.243334196	940	7507	3863	-1
?a  <isLeaderOf>  ?h  ?h  <isLocatedIn>  ?b   => ?a  <isCitizenOf>  ?b	0.008126535	0.031660853	0.272937548	354	11181	1297	-1
?a  <influences>  ?h  ?h  <isCitizenOf>  ?b   => ?a  <isCitizenOf>  ?b	0.014072221	0.15491534	0.544888889	613	3957	1125	-1
?a  <diedIn>  ?h  ?b  <hasCapital>  ?h   => ?a  <isCitizenOf>  ?b	0.028351048	0.031351543	0.189649877	1235	39392	6512	-1
?b  <hasCapital>  ?h  ?a  <livesIn>  ?h   => ?a  <isCitizenOf>  ?b	0.012671885	0.063609127	0.232518955	552	8678	2374	-1
?b  <hasCapital>  ?h  ?a  <wasBornIn>  ?h   => ?a  <isCitizenOf>  ?b	0.047427745	0.020465374	0.193899578	2066	100951	10655	-1
?a  <hasChild>  ?h  ?h  <isCitizenOf>  ?b   => ?a  <isCitizenOf>  ?b	0.00410918	0.289644013	0.899497487	179	618	199	-1
?b  <dealsWith>  ?h  ?a  <livesIn>  ?h   => ?a  <isCitizenOf>  ?b	0.003328666	0.000620496	0.001457755	145	233684	99468	-1
?a  <directed>  ?h  ?h  <isLocatedIn>  ?b   => ?a  <isCitizenOf>  ?b	0.002548151	0.02214243	0.755102041	111	5013	147	-1
?a  <diedIn>  ?h  ?b  <wasBornIn>  ?h   => ?a  <isMarriedTo>  ?b	0.005934843	0.000007577	0.000119647	141	18608440	1178471	-2
?h  <isCitizenOf>  ?b  ?a  <isMarriedTo>  ?h   => ?a  <isCitizenOf>  ?b	0.006427768	0.228013029	0.856269113	280	1228	327	-1
?g  <hasAcademicAdvisor>  ?a  ?g  <isCitizenOf>  ?b   => ?a  <isCitizenOf>  ?b	0.00865453	0.312863071	0.610032362	377	1205	618	-1
?g  <hasAcademicAdvisor>  ?a  ?g  <livesIn>  ?b   => ?a  <isCitizenOf>  ?b	0.00323684	0.169064748	0.376	141	834	375	-1
?h  <isLocatedIn>  ?b  ?a  <livesIn>  ?h   => ?a  <isCitizenOf>  ?b	0.068019559	0.055265416	0.232738984	2963	53614	12731	-1
?a  <created>  ?h  ?h  <isLocatedIn>  ?b   => ?a  <isCitizenOf>  ?b	0.015449599	0.030068805	0.383039271	673	22382	1757	-1
?g  <influences>  ?a  ?g  <isCitizenOf>  ?b   => ?a  <isCitizenOf>  ?b	0.016321939	0.192318096	0.547765794	711	3697	1298	-1
?a  <isAffiliatedTo>  ?h  ?h  <isLocatedIn>  ?b   => ?a  <isCitizenOf>  ?b	0.043134914	0.028860184	0.161149228	1879	65107	11660	-1
?g  <hasChild>  ?a  ?g  <isCitizenOf>  ?b   => ?a  <isCitizenOf>  ?b	0.004912651	0.283443709	0.918454936	214	755	233	-1
?g  <created>  ?a  ?g  <created>  ?b   => ?a  <isMarriedTo>  ?b	0.005471841	0.000024948	0.023503887	130	5210737	5531	-2
?a  <hasAcademicAdvisor>  ?h  ?h  <hasWonPrize>  ?b   => ?a  <hasWonPrize>  ?b	0.002974692	0.090319592	0.221339387	195	2159	881	-1
?a  <graduatedFrom>  ?h  ?h  <isLocatedIn>  ?b   => ?a  <isCitizenOf>  ?b	0.096485388	0.074035582	0.271898046	4203	56770	15458	-1
?a  <diedIn>  ?h  ?h  <isLocatedIn>  ?b   => ?a  <isCitizenOf>  ?b	0.081081702	0.029811442	0.251405794	3532	118478	14049	-1
?h  <hasWonPrize>  ?b  ?a  <influences>  ?h   => ?a  <hasWonPrize>  ?b	0.005812091	0.059671104	0.172009029	381	6385	2215	-1
?g  <hasAcademicAdvisor>  ?a  ?g  <hasWonPrize>  ?b   => ?a  <hasWonPrize>  ?b	0.002532302	0.118402282	0.238848921	166	1402	695	-1
?g  <isCitizenOf>  ?b  ?g  <isMarriedTo>  ?a   => ?a  <isCitizenOf>  ?b	0.006427768	0.228013029	0.856269113	280	1228	327	-1
?a  <hasChild>  ?h  ?h  <hasWonPrize>  ?b   => ?a  <hasWonPrize>  ?b	0.001647522	0.096170971	0.42519685	108	1123	254	-1
?g  <hasWonPrize>  ?b  ?g  <influences>  ?a   => ?a  <hasWonPrize>  ?b	0.006284991	0.053147575	0.185752931	412	7752	2218	-1
?a  <hasWonPrize>  ?h  ?b  <hasWonPrize>  ?h   => ?a  <isMarriedTo>  ?b	0.011280411	0.000007093	0.000187733	268	37781100	1427559	-2
?b  <isLocatedIn>  ?h  ?a  <livesIn>  ?h   => ?a  <isLeaderOf>  ?b	0.124620061	0.000007312	0.000290122	1230	168227597	4239600	-1
?g  <hasChild>  ?a  ?g  <hasWonPrize>  ?b   => ?a  <hasWonPrize>  ?b	0.00180007	0.059716599	0.363076923	118	1976	325	-1
?h  <hasCapital>  ?b  ?a  <isPoliticianOf>  ?h   => ?a  <diedIn>  ?b	0.00370938	0.072608696	0.250374813	167	2300	667	-1
?h  <hasWonPrize>  ?b  ?a  <isMarriedTo>  ?h   => ?a  <hasWonPrize>  ?b	0.004805272	0.080997686	0.368421053	315	3889	855	-1
?a  <actedIn>  ?h  ?h  <isLocatedIn>  ?b   => ?a  <isCitizenOf>  ?b	0.005027433	0.014007931	0.718032787	219	15634	305	-1
?g  <hasWonPrize>  ?b  ?g  <isMarriedTo>  ?a   => ?a  <hasWonPrize>  ?b	0.004805272	0.080997686	0.368421053	315	3889	855	-1
?a  <hasChild>  ?h  ?h  <wasBornIn>  ?b   => ?a  <diedIn>  ?b	0.008662624	0.133928571	0.428100988	390	2912	911	-1
?h  <diedIn>  ?b  ?a  <hasChild>  ?h   => ?a  <diedIn>  ?b	0.004486795	0.091444092	0.279005525	202	2209	724	-1
?h  <diedIn>  ?b  ?a  <influences>  ?h   => ?a  <diedIn>  ?b	0.003664956	0.041280961	0.127807901	165	3997	1291	-1
?h  <isLocatedIn>  ?b  ?a  <worksAt>  ?h   => ?a  <diedIn>  ?b	0.005197574	0.031170907	0.198641766	234	7507	1178	-1
?a  <influences>  ?h  ?h  <wasBornIn>  ?b   => ?a  <diedIn>  ?b	0.002954177	0.015386395	0.052882704	133	8644	2515	-1
?h  <diedIn>  ?b  ?a  <isMarriedTo>  ?h   => ?a  <diedIn>  ?b	0.010128607	0.136160048	0.418732782	456	3349	1089	-1
?a  <isMarriedTo>  ?h  ?h  <wasBornIn>  ?b   => ?a  <diedIn>  ?b	0.003131872	0.020241171	0.133522727	141	6966	1056	-1
?h  <hasCapital>  ?b  ?a  <livesIn>  ?h   => ?a  <diedIn>  ?b	0.003576109	0.017067741	0.202770781	161	9433	794	-1
?a  <graduatedFrom>  ?h  ?h  <isLocatedIn>  ?b   => ?a  <diedIn>  ?b	0.010706115	0.0084904	0.06561394	482	56770	7346	-1
?b  <isLocatedIn>  ?h  ?a  <isPoliticianOf>  ?h   => ?a  <diedIn>  ?b	0.019924035	0.000125632	0.000403771	897	7139885	2221558	-1
?g  <hasCapital>  ?b  ?a  <isCitizenOf>  ?g   => ?a  <diedIn>  ?b	0.027431643	0.029373989	0.237408689	1235	42044	5202	-1
?g  <diedIn>  ?b  ?g  <influences>  ?a   => ?a  <diedIn>  ?b	0.004509007	0.032511211	0.149484536	203	6244	1358	-1
?g  <diedIn>  ?b  ?g  <hasChild>  ?a   => ?a  <diedIn>  ?b	0.004775549	0.077088562	0.296961326	215	2789	724	-1
?g  <influences>  ?a  ?g  <wasBornIn>  ?b   => ?a  <diedIn>  ?b	0.002554364	0.013075611	0.074050225	115	8795	1553	-1
?h  <isLocatedIn>  ?b  ?a  <wasBornIn>  ?h   => ?a  <isCitizenOf>  ?b	0.271963454	0.028753598	0.280110654	11847	412018	42294	-1
?g  <diedIn>  ?b  ?g  <isMarriedTo>  ?a   => ?a  <diedIn>  ?b	0.010128607	0.136200717	0.418732782	456	3348	1089	-1
?a  <created>  ?h  ?h  <isLocatedIn>  ?b   => ?a  <diedIn>  ?b	0.003753804	0.00755071	0.091301999	169	22382	1851	-1
?g  <isMarriedTo>  ?a  ?g  <wasBornIn>  ?b   => ?a  <diedIn>  ?b	0.003131872	0.020238266	0.133396405	141	6967	1057	-1
?a  <created>  ?b  ?a  <directed>  ?b   => ?a  <actedIn>  ?b	0.003756468	0.048967679	0.064191583	453	9251	7057	-2
?b  <isLocatedIn>  ?h  ?a  <livesIn>  ?h   => ?a  <worksAt>  ?b	0.108498254	0.00000277	0.000016706	466	168227597	27893979	-1
?h  <directed>  ?b  ?a  <isMarriedTo>  ?h   => ?a  <actedIn>  ?b	0.003905732	0.053280543	0.061746198	471	8840	7628	-2
?h  <actedIn>  ?b  ?a  <isMarriedTo>  ?h   => ?a  <actedIn>  ?b	0.009527995	0.024165562	0.024165562	1149	47547	47547	-2
?h  <created>  ?b  ?a  <isMarriedTo>  ?h   => ?a  <actedIn>  ?b	0.001716532	0.009382224	0.045236014	207	22063	4576	-2
?a  <isAffiliatedTo>  ?h  ?h  <isLocatedIn>  ?b   => ?a  <diedIn>  ?b	0.013837987	0.009568864	0.084912089	623	65107	7337	-1
?g  <directed>  ?b  ?g  <isMarriedTo>  ?a   => ?a  <actedIn>  ?b	0.003905732	0.053280543	0.061746198	471	8840	7628	-2
?a  <wasBornIn>  ?h  ?b  <wasBornIn>  ?h   => ?a  <isMarriedTo>  ?b	0.013006145	0.00000637	0.000117357	309	48508522	2633001	-2
?g  <created>  ?b  ?g  <isMarriedTo>  ?a   => ?a  <actedIn>  ?b	0.001716532	0.009383074	0.045245902	207	22061	4575	-2
?h  <isLocatedIn>  ?b  ?a  <worksAt>  ?h   => ?a  <wasBornIn>  ?b	0.000705638	0.015185827	0.044740973	114	7507	2548	-1
?a  <influences>  ?h  ?h  <wasBornIn>  ?b   => ?a  <wasBornIn>  ?b	0.000724207	0.0135354	0.033248082	117	8644	3519	-1
?g  <actedIn>  ?b  ?g  <isMarriedTo>  ?a   => ?a  <actedIn>  ?b	0.009527995	0.024149817	0.024149817	1149	47578	47578	-2
?a  <isLeaderOf>  ?h  ?b  <isLocatedIn>  ?h   => ?a  <wasBornIn>  ?b	0.000971799	0.000128615	0.000256549	157	1220697	611970	-1
?a  <hasChild>  ?h  ?h  <wasBornIn>  ?b   => ?a  <wasBornIn>  ?b	0.002389264	0.132554945	0.348061317	386	2912	1109	-1
?a  <graduatedFrom>  ?h  ?h  <isLocatedIn>  ?b   => ?a  <wasBornIn>  ?b	0.00981084	0.027919676	0.068478355	1585	56770	23146	-1
?b  <isLocatedIn>  ?h  ?a  <isPoliticianOf>  ?h   => ?a  <wasBornIn>  ?b	0.003850058	0.000087116	0.000316004	622	7139885	1968330	-1
?h  <hasCapital>  ?b  ?a  <livesIn>  ?h   => ?a  <wasBornIn>  ?b	0.002185001	0.037421817	0.105593778	353	9433	3343	-1
?a  <isMarriedTo>  ?h  ?h  <wasBornIn>  ?b   => ?a  <wasBornIn>  ?b	0.0018817	0.04364054	0.117601547	304	6966	2585	-1
?h  <diedIn>  ?b  ?a  <isMarriedTo>  ?h   => ?a  <wasBornIn>  ?b	0.000860383	0.041504927	0.132760267	139	3349	1047	-1
?g  <hasChild>  ?a  ?g  <wasBornIn>  ?b   => ?a  <wasBornIn>  ?b	0.003101092	0.144422024	0.363570392	501	3469	1378	-1
?g  <diedIn>  ?b  ?g  <hasChild>  ?a   => ?a  <wasBornIn>  ?b	0.003039194	0.176048763	0.446769791	491	2789	1099	-1
?g  <diedIn>  ?b  ?g  <influences>  ?a   => ?a  <wasBornIn>  ?b	0.000903711	0.023382447	0.058563979	146	6244	2493	-1
?g  <influences>  ?a  ?g  <wasBornIn>  ?b   => ?a  <wasBornIn>  ?b	0.000841813	0.015463331	0.03783032	136	8795	3595	-1
?h  <hasCapital>  ?b  ?a  <isCitizenOf>  ?h   => ?a  <wasBornIn>  ?b	0.012788135	0.049138997	0.133075684	2066	42044	15525	-1
?g  <isMarriedTo>  ?a  ?g  <wasBornIn>  ?b   => ?a  <wasBornIn>  ?b	0.0018817	0.043634276	0.117601547	304	6967	2585	-1
?g  <diedIn>  ?b  ?g  <isMarriedTo>  ?a   => ?a  <wasBornIn>  ?b	0.000860383	0.041517324	0.132887189	139	3348	1046	-1
?b  <isLocatedIn>  ?h  ?a  <wasBornIn>  ?h   => ?a  <actedIn>  ?b	0.001301911	0.000005631	0.001499594	157	27883025	104695	-2
?b  <isLocatedIn>  ?h  ?h  <participatedIn>  ?a   => ?a  <happenedIn>  ?b	0.092059839	0.000007857	0.00000921	1040	132373947	112921788	-1
?a  <directed>  ?b  ?a  <wroteMusicFor>  ?b   => ?a  <created>  ?b	0.000685556	0.643884892	0.806306306	179	278	222	-2
?a  <created>  ?h  ?h  <isLocatedIn>  ?b   => ?a  <wasBornIn>  ?b	0.001046077	0.00755071	0.03875258	169	22382	4361	-1
?a  <created>  ?h  ?b  <isMarriedTo>  ?h   => ?a  <created>  ?b	0.000386822	0.34006734	0.454954955	101	297	222	-2
?a  <actedIn>  ?b  ?a  <directed>  ?b   => ?a  <created>  ?b	0.001734954	0.435158501	0.661313869	453	1041	685	-2
?h  <isLocatedIn>  ?b  ?a  <playsFor>  ?h   => ?a  <wasBornIn>  ?b	0.001751715	0.02676376	0.059604044	283	10574	4748	-1
?h  <created>  ?b  ?a  <influences>  ?h   => ?a  <created>  ?b	0.000834923	0.002577929	0.002577929	218	84564	84564	-2
?h  <created>  ?b  ?a  <isMarriedTo>  ?h   => ?a  <created>  ?b	0.002650305	0.031364728	0.031364728	692	22063	22063	-2
?h  <directed>  ?b  ?a  <isMarriedTo>  ?h   => ?a  <created>  ?b	0.000409802	0.012104072	0.0182376	107	8840	5867	-2
?h  <actedIn>  ?b  ?a  <isMarriedTo>  ?h   => ?a  <created>  ?b	0.000800453	0.004395651	0.00704534	209	47547	29665	-2
?a  <isLocatedIn>  ?h  ?h  <participatedIn>  ?b   => ?a  <participatedIn>  ?b	0.015366194	0.000001745	0.000001745	231	132373947	132373947	-2
?a  <isAffiliatedTo>  ?h  ?h  <isLocatedIn>  ?b   => ?a  <wasBornIn>  ?b	0.007508232	0.018630869	0.043299779	1213	65107	28014	-1
?a  <diedIn>  ?h  ?b  <isLocatedIn>  ?h   => ?a  <created>  ?b	0.001106847	0.000024939	0.000266811	289	11588480	1083162	-2
?a  <isAffiliatedTo>  ?h  ?b  <isAffiliatedTo>  ?h   => ?a  <hasChild>  ?b	0.022423919	0.000001887	0.000153326	336	178017488	2191409	-2
?a  <created>  ?g  ?g  <isMarriedTo>  ?b   => ?a  <created>  ?b	0.000386822	0.34006734	0.454954955	101	297	222	-2
?b  <isLocatedIn>  ?h  ?a  <livesIn>  ?h   => ?a  <graduatedFrom>  ?b	0.05848554	0.000009136	0.000020285	1537	168227597	75769866	-1
?b  <isLocatedIn>  ?h  ?a  <wasBornIn>  ?h   => ?a  <playsFor>  ?b	0.000817152	0.00001015	0.000076926	283	27883025	3678849	-1
?a  <isCitizenOf>  ?h  ?b  <isCitizenOf>  ?h   => ?a  <hasAcademicAdvisor>  ?b	0.168911917	0.000001474	0.000052975	489	331740329	9230831	-1
?b  <isLocatedIn>  ?h  ?a  <wasBornIn>  ?h   => ?a  <created>  ?b	0.000788964	0.000007388	0.000085282	206	27883025	2415510	-2
?h  <isLocatedIn>  ?a  ?b  <isLocatedIn>  ?h   => ?a  <owns>  ?b	0.014359464	0.000250473	0.01029581	331	1321499	32149	-2
?g  <created>  ?b  ?g  <influences>  ?a   => ?a  <created>  ?b	0.000857902	0.001226107	0.001226107	224	182692	182692	-2
?g  <directed>  ?b  ?g  <isMarriedTo>  ?a   => ?a  <created>  ?b	0.000409802	0.012104072	0.0182376	107	8840	5867	-2
?g  <created>  ?b  ?g  <isMarriedTo>  ?a   => ?a  <created>  ?b	0.002650305	0.031367572	0.031367572	692	22061	22061	-2
?g  <actedIn>  ?b  ?g  <isMarriedTo>  ?a   => ?a  <created>  ?b	0.000800453	0.004392787	0.007039881	209	47578	29688	-2
?a  <isLeaderOf>  ?h  ?b  <isLocatedIn>  ?h   => ?a  <isAffiliatedTo>  ?b	0.000378703	0.000130253	0.000181139	159	1220697	877780	-1
?a  <isCitizenOf>  ?h  ?b  <isCitizenOf>  ?h   => ?a  <influences>  ?b	0.042550434	0.000002969	0.000053355	985	331740329	18461368	-2
?a  <hasChild>  ?h  ?h  <isAffiliatedTo>  ?b   => ?a  <isAffiliatedTo>  ?b	0.000652608	0.362913907	0.661835749	274	755	414	-1
?g  <created>  ?b  ?a  <created>  ?g   => ?a  <created>  ?b	0.000528529	0.025930101	0.025930101	138	5322	5322	-2
?a  <created>  ?h  ?h  <hasWebsite>  ?b   => ?a  <hasWebsite>  ?b	0.000454993	0.01803537	0.01803537	103	5711	5711	-2
?h  <isAffiliatedTo>  ?b  ?a  <isMarriedTo>  ?h   => ?a  <isAffiliatedTo>  ?b	0.001252816	0.204669261	0.685788787	526	2570	767	-1
?g  <hasChild>  ?a  ?g  <isAffiliatedTo>  ?b   => ?a  <isAffiliatedTo>  ?b	0.00069548	0.217585693	0.683840749	292	1342	427	-1
?b  <isLocatedIn>  ?h  ?a  <livesIn>  ?h   => ?a  <diedIn>  ?b	0.011305835	0.000003026	0.000037587	509	168227597	13541873	-1
?a  <isCitizenOf>  ?h  ?b  <isCitizenOf>  ?h   => ?a  <hasChild>  ?b	0.015016017	0.000000678	0.000049124	225	331740329	4580286	-2
?g  <isAffiliatedTo>  ?b  ?g  <isMarriedTo>  ?a   => ?a  <isAffiliatedTo>  ?b	0.001252816	0.204669261	0.685788787	526	2570	767	-1
?a  <isAffiliatedTo>  ?h  ?b  <isAffiliatedTo>  ?h   => ?a  <isMarriedTo>  ?b	0.022224093	0.000002966	0.000084851	528	178017488	6222663	-2
?h  <hasGender>  ?b  ?a  <isMarriedTo>  ?h   => ?a  <hasGender>  ?b	0.000723498	0.032301741	0.033757833	668	20680	19788	-1
?h  <hasGender>  ?b  ?a  <holdsPoliticalPosition>  ?h   => ?a  <hasGender>  ?b	0.002497585	0.803204458	0.820056899	2306	2871	2812	-1
?a  <hasAcademicAdvisor>  ?h  ?h  <hasGender>  ?b   => ?a  <hasGender>  ?b	0.002838755	0.928444917	0.939089932	2621	2823	2791	-1
?h  <hasGender>  ?b  ?a  <influences>  ?h   => ?a  <hasGender>  ?b	0.007317295	0.81515444	0.818016709	6756	8288	8259	-1
?a  <hasChild>  ?h  ?h  <hasGender>  ?b   => ?a  <hasGender>  ?b	0.007133171	0.607228471	0.632964921	6586	10846	10405	-1
?g  <hasGender>  ?b  ?g  <holdsPoliticalPosition>  ?a   => ?a  <hasGender>  ?b	0.000392075	0.345419847	0.760504202	362	1048	476	-1
?g  <hasAcademicAdvisor>  ?a  ?g  <hasGender>  ?b   => ?a  <hasGender>  ?b	0.001965792	0.91160221	0.918987342	1815	1991	1975	-1
?g  <hasGender>  ?b  ?g  <influences>  ?a   => ?a  <hasGender>  ?b	0.008474026	0.846570006	0.854055234	7824	9242	9161	-1
?a  <diedIn>  ?h  ?b  <isLocatedIn>  ?h   => ?a  <isAffiliatedTo>  ?b	0.001524339	0.000055227	0.000460854	640	11588480	1388727	-1
?h  <hasWebsite>  ?b  ?a  <isLocatedIn>  ?h   => ?a  <hasWebsite>  ?b	0.003255631	0.001363192	0.001363192	737	540643	540643	-2
?g  <hasChild>  ?a  ?g  <hasGender>  ?b   => ?a  <hasGender>  ?b	0.009293918	0.606131242	0.629013341	8581	14157	13642	-1
?g  <created>  ?a  ?g  <created>  ?b   => ?a  <created>  ?b	0.000455761	0.000022837	0.000022837	119	5210737	5210737	-2
?b  <isLocatedIn>  ?h  ?a  <livesIn>  ?h   => ?a  <actedIn>  ?b	0.003466233	0.000002485	0.000039657	418	168227597	10540466	-2
?g  <hasWebsite>  ?b  ?g  <isLocatedIn>  ?a   => ?a  <hasWebsite>  ?b	0.002858064	0.003041414	0.003041414	647	212730	212730	-2
?a  <created>  ?h  ?h  <hasGender>  ?b   => ?a  <hasGender>  ?b	0.001032176	0.689081706	0.74745098	953	1383	1275	-1
?a  <participatedIn>  ?h  ?b  <participatedIn>  ?h   => ?a  <isLocatedIn>  ?b	0.000096564	0.004034684	0.007025761	114	28255	16226	-1
?a  <hasCapital>  ?h  ?h  <isLocatedIn>  ?b   => ?a  <isLocatedIn>  ?b	0.000415055	0.138967669	0.282909931	490	3526	1732	-1
?a  <dealsWith>  ?h  ?h  <isLocatedIn>  ?b   => ?a  <isLocatedIn>  ?b	0.000123669	0.293762575	0.30480167	146	497	479	-1
?h  <isLocatedIn>  ?b  ?a  <owns>  ?h   => ?a  <isLocatedIn>  ?b	0.001041026	0.104117248	0.199577785	1229	11804	6158	-1
?h  <happenedIn>  ?b  ?a  <participatedIn>  ?h   => ?a  <isLocatedIn>  ?b	0.000172798	0.013477801	0.025373134	204	15136	8040	-1
?g  <hasGender>  ?b  ?g  <isMarriedTo>  ?a   => ?a  <hasGender>  ?b	0.000723498	0.032300179	0.033756127	668	20681	19789	-1
?g  <hasGender>  ?b  ?g  <isAffiliatedTo>  ?a   => ?a  <hasGender>  ?b	0.000114807	0.005876809	0.803030303	106	18037	132	-1
?b  <hasCapital>  ?h  ?a  <isLocatedIn>  ?h   => ?a  <isLocatedIn>  ?b	0.005820937	0.093359417	0.093359417	6872	73608	73608	-1
?b  <isLocatedIn>  ?h  ?a  <livesIn>  ?h   => ?a  <livesIn>  ?b	0.185853724	0.00003305	0.00003305	5560	168227597	168227597	-1
?b  <hasCapital>  ?h  ?h  <isLocatedIn>  ?a   => ?a  <isLocatedIn>  ?b	0.00008894	0.029778786	0.040603248	105	3526	2586	-1
?g  <livesIn>  ?a  ?g  <livesIn>  ?b   => ?a  <isLocatedIn>  ?b	0.001879607	0.124105145	0.14527956	2219	17880	15274	-1
?g  <isPoliticianOf>  ?b  ?g  <livesIn>  ?a   => ?a  <isLocatedIn>  ?b	0.000155857	0.744939271	0.807017544	184	247	228	-1
?g  <isCitizenOf>  ?b  ?g  <livesIn>  ?a   => ?a  <isLocatedIn>  ?b	0.001074908	0.487140115	0.542076036	1269	2605	2341	-1
?g  <graduatedFrom>  ?a  ?g  <wasBornIn>  ?b   => ?a  <isLocatedIn>  ?b	0.000468419	0.068593401	0.071088829	553	8062	7779	-1
?g  <created>  ?a  ?g  <hasGender>  ?b   => ?a  <hasGender>  ?b	0.001167561	0.006717683	0.69954575	1078	160472	1541	-1
?g  <isLeaderOf>  ?a  ?g  <wasBornIn>  ?b   => ?a  <isLocatedIn>  ?b	0.000106728	0.047208692	0.056756757	126	2669	2220	-1
?b  <isLocatedIn>  ?h  ?a  <livesIn>  ?h   => ?a  <wasBornIn>  ?b	0.01010176	0.000009701	0.000027008	1632	168227597	60426567	-1
?g  <diedIn>  ?a  ?g  <isCitizenOf>  ?b   => ?a  <isLocatedIn>  ?b	0.000785217	0.475628527	0.488151659	927	1949	1899	-1
?g  <diedIn>  ?a  ?g  <isPoliticianOf>  ?b   => ?a  <isLocatedIn>  ?b	0.000370161	0.696969697	0.698083067	437	627	626	-1
?g  <created>  ?a  ?g  <wasBornIn>  ?b   => ?a  <isLocatedIn>  ?b	0.000171104	0.003986501	0.035026877	202	50671	5767	-1
?g  <diedIn>  ?a  ?g  <livesIn>  ?b   => ?a  <isLocatedIn>  ?b	0.000211763	0.180635838	0.183688464	250	1384	1361	-1
?g  <isLocatedIn>  ?b  ?g  <owns>  ?a   => ?a  <isLocatedIn>  ?b	0.001793208	0.11460589	0.178861102	2117	18472	11836	-1
?b  <isLocatedIn>  ?g  ?g  <owns>  ?a   => ?a  <isLocatedIn>  ?b	0.00027868	0.000116185	0.000726188	329	2831701	453051	-1
?g  <created>  ?a  ?g  <diedIn>  ?b   => ?a  <isLocatedIn>  ?b	0.00024141	0.01914422	0.1147343	285	14887	2484	-1
?g  <diedIn>  ?b  ?g  <graduatedFrom>  ?a   => ?a  <isLocatedIn>  ?b	0.00016094	0.071028037	0.074862096	190	2675	2538	-1
?g  <diedIn>  ?b  ?g  <worksAt>  ?a   => ?a  <isLocatedIn>  ?b	0.000099952	0.220560748	0.260485651	118	535	453	-1
?b  <isLocatedIn>  ?h  ?a  <livesIn>  ?h   => ?a  <created>  ?b	0.000547679	0.00000085	0.000010236	143	168227597	13969999	-2
?g  <diedIn>  ?b  ?g  <isAffiliatedTo>  ?a   => ?a  <isLocatedIn>  ?b	0.000111811	0.026742301	0.061538462	132	4936	2145	-1
?g  <isAffiliatedTo>  ?a  ?g  <wasBornIn>  ?b   => ?a  <isLocatedIn>  ?b	0.000308327	0.003715309	0.027959137	364	97973	13019	-1
?g  <isPoliticianOf>  ?b  ?g  <wasBornIn>  ?a   => ?a  <isLocatedIn>  ?b	0.000380326	0.535160906	0.535160906	449	839	839	-1
?g  <isLeaderOf>  ?a  ?g  <livesIn>  ?b   => ?a  <isLocatedIn>  ?b	0.000836887	0.305315204	0.344011142	988	3236	2872	-1
?g  <isCitizenOf>  ?b  ?g  <wasBornIn>  ?a   => ?a  <isLocatedIn>  ?b	0.002298897	0.548615322	0.564241164	2714	4947	4810	-1
?g  <livesIn>  ?b  ?g  <wasBornIn>  ?a   => ?a  <isLocatedIn>  ?b	0.000728464	0.092582625	0.09420528	860	9289	9129	-1
?g  <isCitizenOf>  ?b  ?g  <isLeaderOf>  ?a   => ?a  <isLocatedIn>  ?b	0.00047689	0.631165919	0.750666667	563	892	750	-1
?g  <isLeaderOf>  ?a  ?g  <isLeaderOf>  ?b   => ?a  <isLocatedIn>  ?b	0.000428608	0.010638745	0.012421445	506	47562	40736	-1
?g  <happenedIn>  ?a  ?b  <participatedIn>  ?g   => ?a  <isLocatedIn>  ?b	0.00057176	0.044595666	0.05859375	675	15136	11520	-1
?g  <happenedIn>  ?a  ?g  <happenedIn>  ?b   => ?a  <isLocatedIn>  ?b	0.001340882	0.103878207	0.135635335	1583	15239	11671	-1
?g  <graduatedFrom>  ?a  ?g  <isPoliticianOf>  ?b   => ?a  <isLocatedIn>  ?b	0.000119434	0.361538462	0.369109948	141	390	382	-1
?g  <hasCapital>  ?a  ?g  <isLocatedIn>  ?b   => ?a  <isLocatedIn>  ?b	0.000386255	0.498905908	0.523536165	456	914	871	-1
?g  <hasCapital>  ?a  ?b  <isLocatedIn>  ?g   => ?a  <isLocatedIn>  ?b	0.000087246	0.000263084	0.000264373	103	391510	389601	-1
?g  <isLeaderOf>  ?b  ?g  <wasBornIn>  ?a   => ?a  <isLocatedIn>  ?b	0.000116046	0.051330086	0.051913604	137	2669	2639	-1
?g  <livesIn>  ?b  ?g  <worksAt>  ?a   => ?a  <isLocatedIn>  ?b	0.00029308	0.377729258	0.441326531	346	916	784	-1
?b  <dealsWith>  ?h  ?a  <isLocatedIn>  ?h   => ?a  <isLocatedIn>  ?b	0.000980885	0.000138595	0.000138595	1158	8355300	8355300	-1
?g  <graduatedFrom>  ?a  ?g  <isLeaderOf>  ?b   => ?a  <isLocatedIn>  ?b	0.000145693	0.072208228	0.075604396	172	2382	2275	-1
?g  <dealsWith>  ?a  ?g  <isLocatedIn>  ?b   => ?a  <isLocatedIn>  ?b	0.000122822	0.384615385	0.391891892	145	377	370	-1
?g  <isCitizenOf>  ?b  ?g  <worksAt>  ?a   => ?a  <isLocatedIn>  ?b	0.000274445	0.321747766	0.395604396	324	1007	819	-1
?g  <graduatedFrom>  ?a  ?g  <isCitizenOf>  ?b   => ?a  <isLocatedIn>  ?b	0.000753029	0.44009901	0.471118177	889	2020	1887	-1
?g  <graduatedFrom>  ?a  ?g  <livesIn>  ?b   => ?a  <isLocatedIn>  ?b	0.000750487	0.134181433	0.138893243	886	6603	6379	-1
?g  <actedIn>  ?a  ?g  <livesIn>  ?b   => ?a  <isLocatedIn>  ?b	0.000317644	0.044305293	0.153248876	375	8464	2447	-1
?a  <isCitizenOf>  ?h  ?b  <isCitizenOf>  ?h   => ?a  <isMarriedTo>  ?b	0.011953868	0.000000856	0.000027627	284	331740329	10279827	-2
?g  <isAffiliatedTo>  ?a  ?g  <livesIn>  ?b   => ?a  <isLocatedIn>  ?b	0.000144846	0.029989477	0.036429484	171	5702	4694	-1
?g  <actedIn>  ?a  ?g  <isCitizenOf>  ?b   => ?a  <isLocatedIn>  ?b	0.000559901	0.213985108	0.828320802	661	3089	798	-1
?g  <created>  ?a  ?g  <livesIn>  ?b   => ?a  <isLocatedIn>  ?b	0.000119434	0.040435905	0.166469894	141	3487	847	-1
?g  <isAffiliatedTo>  ?a  ?g  <isCitizenOf>  ?b   => ?a  <isLocatedIn>  ?b	0.00009487	0.040433213	0.081277213	112	2770	1378	-1
?g  <directed>  ?a  ?g  <isCitizenOf>  ?b   => ?a  <isLocatedIn>  ?b	0.000172798	0.205645161	0.839506173	204	992	243	-1
?a  <isLocatedIn>  ?h  ?b  <participatedIn>  ?h   => ?a  <isLocatedIn>  ?b	0.000166869	0.105743425	0.105743425	197	1863	1863	-1
?g  <created>  ?a  ?g  <isCitizenOf>  ?b   => ?a  <isLocatedIn>  ?b	0.000852134	0.091629474	0.494835219	1006	10979	2033	-1
?h  <hasGender>  ?b  ?a  <isAffiliatedTo>  ?h   => ?a  <hasGender>  ?b	0.001520646	0.870967742	0.920052425	1404	1612	1526	-1
?h  <isLocatedIn>  ?a  ?b  <owns>  ?h   => ?a  <isLocatedIn>  ?b	0.000256657	0.025669265	0.028357511	303	11804	10685	-1
?b  <isLocatedIn>  ?h  ?a  <wasBornIn>  ?h   => ?a  <isAffiliatedTo>  ?b	0.002958171	0.000044543	0.00019964	1242	27883025	6221186	-1
?g  <hasCapital>  ?b  ?a  <isLocatedIn>  ?g   => ?a  <isLocatedIn>  ?b	0.005811619	0.017524457	0.017524457	6861	391510	391510	-1
?g  <created>  ?a  ?g  <isLocatedIn>  ?b   => ?a  <isLocatedIn>  ?b	0.000104187	0.015103143	0.151664612	123	8144	811	-1
?g  <dealsWith>  ?b  ?a  <isLocatedIn>  ?g   => ?a  <isLocatedIn>  ?b	0.000984274	0.001056262	0.001056262	1162	1100106	1100106	-1
?g  <isLocatedIn>  ?a  ?b  <isLocatedIn>  ?g   => ?a  <isLocatedIn>  ?b	0.000120281	0.000107454	0.000132602	142	1321499	1070874	-1
?a  <hasWebsite>  ?h  ?b  <hasWebsite>  ?h   => ?a  <isLocatedIn>  ?b	0.000615806	0.002275452	0.004763652	727	319497	152614	-1
?b  <isLocatedIn>  ?h  ?a  <livesIn>  ?h   => ?a  <isAffiliatedTo>  ?b	0.001638665	0.00000409	0.000030767	688	168227597	22361836	-1
?g  <isLocatedIn>  ?a  ?g  <isLocatedIn>  ?b   => ?a  <isLocatedIn>  ?b	0.037998723	0.202666378	0.261064393	44860	221349	171835	-1
?a  <isLocatedIn>  ?g  ?g  <participatedIn>  ?b   => ?a  <isLocatedIn>  ?b	0.000166869	0.000001488	0.000001488	197	132373947	132373947	-1
?g  <isLocatedIn>  ?b  ?a  <isLocatedIn>  ?g   => ?a  <isLocatedIn>  ?b	0.331971275	0.296567761	0.296567761	391914	1321499	1321499	-1
?a  <isCitizenOf>  ?h  ?b  <isLocatedIn>  ?h   => ?a  <isLeaderOf>  ?b	0.08378926	0.000000567	0.000055546	827	1459324303	14888569	-1
?a  <isCitizenOf>  ?h  ?b  <isLocatedIn>  ?h   => ?a  <worksAt>  ?b	0.218859139	0.000000644	0.000011241	940	1459324303	83620060	-1
?a  <isCitizenOf>  ?h  ?b  <isLocatedIn>  ?h   => ?a  <graduatedFrom>  ?b	0.159931507	0.00000288	0.000013673	4203	1459324303	307383082	-1
?a  <isCitizenOf>  ?h  ?b  <isLocatedIn>  ?h   => ?a  <diedIn>  ?b	0.078430066	0.00000242	0.000021687	3531	1459324303	162819424	-1
?a  <isCitizenOf>  ?h  ?b  <isLocatedIn>  ?h   => ?a  <directed>  ?b	0.005241143	0.000000143	0.000002392	208	1459324303	86962953	-2
?a  <isCitizenOf>  ?h  ?b  <isLocatedIn>  ?h   => ?a  <livesIn>  ?b	0.116258858	0.000002383	0.000017623	3478	1459324303	197357811	-1
?a  <isCitizenOf>  ?h  ?b  <isLocatedIn>  ?h   => ?a  <created>  ?b	0.004109505	0.000000735	0.000008258	1073	1459324303	129928954	-2
?a  <isCitizenOf>  ?h  ?b  <isLocatedIn>  ?h   => ?a  <actedIn>  ?b	0.005821282	0.000000481	0.000007244	702	1459324303	96905892	-2
?a  <isCitizenOf>  ?h  ?b  <isLocatedIn>  ?h   => ?a  <wasBornIn>  ?b	0.07332442	0.000008117	0.000018721	11846	1459324303	632776464	-1
?a  <isCitizenOf>  ?h  ?b  <isLocatedIn>  ?h   => ?a  <isAffiliatedTo>  ?b	0.00481596	0.000001386	0.000007756	2022	1459324303	260708990	-1
?a  <isLocatedIn>  ?h  ?b  <isLocatedIn>  ?h   => ?a  <hasCapital>  ?b	0.262897914	0.000000058	0.000129635	479	8208084034	3694983	-1
?a  <isLocatedIn>  ?h  ?b  <isLocatedIn>  ?h   => ?a  <dealsWith>  ?b	0.511337868	0.000000055	0.002599334	451	8208084034	173506	-1
?a  <isLocatedIn>  ?h  ?b  <isLocatedIn>  ?h   => ?a  <owns>  ?b	0.090278079	0.000000254	0.000034423	2081	8208084034	60454522	-2
?a  <isLocatedIn>  ?h  ?b  <isLocatedIn>  ?h   => ?a  <created>  ?b	0.00047108	0.000000015	0.000000215	123	8208084034	573242411	-2
?a  <isLocatedIn>  ?h  ?b  <isLocatedIn>  ?h   => ?a  <isLocatedIn>  ?b	0.330706627	0.000047565	0.000047565	390421	8208084034	8208084034	-1
?a  <hasGender>  ?h  ?b  <hasGender>  ?h   => ?a  <created>  ?b	0.005756371	0.000000002	0.000001673	1503	629956439930	898399855	-2
?a  <hasGender>  ?h  ?b  <hasGender>  ?h   => ?a  <hasAcademicAdvisor>  ?b	0.922970639	0.000000004	0.000001274	2672	629956439930	2096816082	-1
?a  <hasGender>  ?h  ?b  <hasGender>  ?h   => ?a  <holdsPoliticalPosition>  ?b	0.458642327	0.000000004	0.000000713	2412	629956439930	3384334118	-1
?a  <hasGender>  ?h  ?b  <hasGender>  ?h   => ?a  <hasChild>  ?b	0.582487987	0.000000014	0.000001334	8728	629956439930	6540901131	-2
?a  <hasGender>  ?h  ?b  <hasGender>  ?h   => ?a  <influences>  ?b	0.888029721	0.000000033	0.000003412	20557	629956439930	6024277999	-2
?a  <hasGender>  ?h  ?b  <hasGender>  ?h   => ?a  <isMarriedTo>  ?b	0.030053035	0.000000001	0.000000074	714	629956439930	9603384586	-2
?a  <hasGender>  ?h  ?b  <hasGender>  ?h   => ?a  <isAffiliatedTo>  ?b	0.003360692	0.000000002	0.000000016	1411	629956439930	88247634158	-1
Mining done in 4 h, 1 min
Total time 4 h, 1 min
402 rules mined.
